------------------------------------------------
1 - Preprocessing
------------------------------------------------
/home/andrew/Documents/virtualenvs/venvEmitza/repo/branchBrenda/thesisbrenda/pipeline/1-Preprocessing
no full preprocessing carried out
------------------------------------------------
2 - Feature Extracion
------------------------------------------------
/home/andrew/Documents/virtualenvs/venvEmitza/repo/branchBrenda/thesisbrenda/pipeline/2-FeatureExtraction
no feature extration carried out
------------------------------------------------
4 - Ranking
------------------------------------------------
/home/andrew/Documents/virtualenvs/venvEmitza/repo/branchBrenda/thesisbrenda/pipeline/4-Ranking
working with annotated ranking dataset
perform rankingFunciondePesos
Using features:  ['CATEGORY', 'SENTIMENT', 'SCORE', 'REVLEN']
Using decimal precision: 1.0
Number of combinations found:  4
------------------------------------------------
5-QualityTesting
------------------------------------------------
/home/andrew/Documents/virtualenvs/venvEmitza/repo/branchBrenda/thesisbrenda/pipeline/5-QualityTesting
perform evaluarNDCG
--------------------------------------------------
Load dataset 
--------------------------------------------------
Perfect ranking ----------------------------------
dcg_score: 41.48105344537508
ndcg_score: 1.0000000000000002
--------------------------------------------------
Alertme normalizado ranking -------------------------------------
dcg_score: 39.170176161868596
ndcg_score: 0.9442907763528814
--------------------------------------------------
Ranking con Funcion de pesos
Best ranking based on ndcg_score: 
RankingID: rank3, ndcg: 0.9569445916781542
--------------------------------------------------
------------------------------------------------
6-BiasTesting
------------------------------------------------
/home/andrew/Documents/virtualenvs/venvEmitza/repo/branchBrenda/thesisbrenda/pipeline/6-BiasTesting
no biasTesting carried out
------------------------------------------------
7-Statistics
------------------------------------------------
/home/andrew/Documents/virtualenvs/venvEmitza/repo/branchBrenda/thesisbrenda/pipeline/7-Statistics
Saving 7 x 7 in image
End of experiment 1

real	0m2.326s
user	0m2.875s
sys	0m1.128s
